# JRE version: Java(TM) SE Runtime Environment (8.0_341-b10) (build 1.8.0_341-b10)
# Java VM: Java HotSpot(TM) Client VM (25.341-b10 mixed mode windows-x86 )
Heap:
 def new generation   total 43264K, used 17398K [0x05000000, 0x07ef0000, 0x0a550000)
  eden space 38464K,  42% used [0x05000000, 0x06026190, 0x07590000)
  from space 4800K,  17% used [0x07590000, 0x076677a0, 0x07a40000)
  to   space 4800K,   0% used [0x07a40000, 0x07a40000, 0x07ef0000)
 tenured generation   total 95564K, used 71201K [0x0a550000, 0x102a3000, 0x15000000)
   the space 95564K,  74% used [0x0a550000, 0x0ead8610, 0x0ead8800, 0x102a3000)
 Metaspace       used 22387K, capacity 22980K, committed 23040K, reserved 23936K
GC Heap History (10 events):
Event: 604495.244 GC heap before
{Heap before GC invocations=13797 (full 30):
 def new generation   total 43264K, used 38996K [0x05000000, 0x07ef0000, 0x0a550000)
  eden space 38464K,  99% used [0x05000000, 0x0758c7e8, 0x07590000)
  from space 4800K,  11% used [0x07a40000, 0x07ac8998, 0x07ef0000)
  to   space 4800K,   0% used [0x07590000, 0x07590000, 0x07a40000)
 tenured generation   total 95564K, used 71201K [0x0a550000, 0x102a3000, 0x15000000)
   the space 95564K,  74% used [0x0a550000, 0x0ead8610, 0x0ead8800, 0x102a3000)
 Metaspace       used 22387K, capacity 22980K, committed 23040K, reserved 23936K
Event: 604495.251 GC heap after
Heap after GC invocations=13798 (full 30):
 def new generation   total 43264K, used 652K [0x05000000, 0x07ef0000, 0x0a550000)
  eden space 38464K,   0% used [0x05000000, 0x05000000, 0x07590000)
  from space 4800K,  13% used [0x07590000, 0x076331d0, 0x07a40000)
  to   space 4800K,   0% used [0x07a40000, 0x07a40000, 0x07ef0000)
 tenured generation   total 95564K, used 71201K [0x0a550000, 0x102a3000, 0x15000000)
   the space 95564K,  74% used [0x0a550000, 0x0ead8610, 0x0ead8800, 0x102a3000)
 Metaspace       used 22387K, capacity 22980K, committed 23040K, reserved 23936K
}
Event: 604591.043 GC heap before
{Heap before GC invocations=13798 (full 30):
 def new generation   total 43264K, used 39116K [0x05000000, 0x07ef0000, 0x0a550000)
  eden space 38464K, 100% used [0x05000000, 0x07590000, 0x07590000)
  from space 4800K,  13% used [0x07590000, 0x076331d0, 0x07a40000)
  to   space 4800K,   0% used [0x07a40000, 0x07a40000, 0x07ef0000)
 tenured generation   total 95564K, used 71201K [0x0a550000, 0x102a3000, 0x15000000)
   the space 95564K,  74% used [0x0a550000, 0x0ead8610, 0x0ead8800, 0x102a3000)
 Metaspace       used 22387K, capacity 22980K, committed 23040K, reserved 23936K
Event: 604591.049 GC heap after
Heap after GC invocations=13799 (full 30):
 def new generation   total 43264K, used 684K [0x05000000, 0x07ef0000, 0x0a550000)
  eden space 38464K,   0% used [0x05000000, 0x05000000, 0x07590000)
  from space 4800K,  14% used [0x07a40000, 0x07aeb180, 0x07ef0000)
  to   space 4800K,   0% used [0x07590000, 0x07590000, 0x07a40000)
 tenured generation   total 95564K, used 71201K [0x0a550000, 0x102a3000, 0x15000000)
   the space 95564K,  74% used [0x0a550000, 0x0ead8610, 0x0ead8800, 0x102a3000)
 Metaspace       used 22387K, capacity 22980K, committed 23040K, reserved 23936K
}
Event: 604690.187 GC heap before
{Heap before GC invocations=13799 (full 30):
 def new generation   total 43264K, used 39136K [0x05000000, 0x07ef0000, 0x0a550000)
  eden space 38464K,  99% used [0x05000000, 0x0758d078, 0x07590000)
  from space 4800K,  14% used [0x07a40000, 0x07aeb180, 0x07ef0000)
  to   space 4800K,   0% used [0x07590000, 0x07590000, 0x07a40000)
 tenured generation   total 95564K, used 71201K [0x0a550000, 0x102a3000, 0x15000000)
   the space 95564K,  74% used [0x0a550000, 0x0ead8610, 0x0ead8800, 0x102a3000)
 Metaspace       used 22387K, capacity 22980K, committed 23040K, reserved 23936K
Event: 604690.195 GC heap after
Heap after GC invocations=13800 (full 30):
 def new generation   total 43264K, used 748K [0x05000000, 0x07ef0000, 0x0a550000)
  eden space 38464K,   0% used [0x05000000, 0x05000000, 0x07590000)
  from space 4800K,  15% used [0x07590000, 0x0764b138, 0x07a40000)
  to   space 4800K,   0% used [0x07a40000, 0x07a40000, 0x07ef0000)
 tenured generation   total 95564K, used 71201K [0x0a550000, 0x102a3000, 0x15000000)
   the space 95564K,  74% used [0x0a550000, 0x0ead8610, 0x0ead8800, 0x102a3000)
 Metaspace       used 22387K, capacity 22980K, committed 23040K, reserved 23936K
}
Event: 604823.062 GC heap before
{Heap before GC invocations=13800 (full 30):
 def new generation   total 43264K, used 39212K [0x05000000, 0x07ef0000, 0x0a550000)
  eden space 38464K, 100% used [0x05000000, 0x07590000, 0x07590000)
  from space 4800K,  15% used [0x07590000, 0x0764b138, 0x07a40000)
  to   space 4800K,   0% used [0x07a40000, 0x07a40000, 0x07ef0000)
 tenured generation   total 95564K, used 71201K [0x0a550000, 0x102a3000, 0x15000000)
   the space 95564K,  74% used [0x0a550000, 0x0ead8610, 0x0ead8800, 0x102a3000)
 Metaspace       used 22387K, capacity 22980K, committed 23040K, reserved 23936K
Event: 604823.071 GC heap after
Heap after GC invocations=13801 (full 30):
 def new generation   total 43264K, used 844K [0x05000000, 0x07ef0000, 0x0a550000)
  eden space 38464K,   0% used [0x05000000, 0x05000000, 0x07590000)
  from space 4800K,  17% used [0x07a40000, 0x07b13100, 0x07ef0000)
  to   space 4800K,   0% used [0x07590000, 0x07590000, 0x07a40000)
 tenured generation   total 95564K, used 71201K [0x0a550000, 0x102a3000, 0x15000000)
   the space 95564K,  74% used [0x0a550000, 0x0ead8610, 0x0ead8800, 0x102a3000)
 Metaspace       used 22387K, capacity 22980K, committed 23040K, reserved 23936K
}
Event: 604923.315 GC heap before
{Heap before GC invocations=13801 (full 30):
 def new generation   total 43264K, used 39281K [0x05000000, 0x07ef0000, 0x0a550000)
  eden space 38464K,  99% used [0x05000000, 0x07589518, 0x07590000)
  from space 4800K,  17% used [0x07a40000, 0x07b13100, 0x07ef0000)
  to   space 4800K,   0% used [0x07590000, 0x07590000, 0x07a40000)
 tenured generation   total 95564K, used 71201K [0x0a550000, 0x102a3000, 0x15000000)
   the space 95564K,  74% used [0x0a550000, 0x0ead8610, 0x0ead8800, 0x102a3000)
 Metaspace       used 22387K, capacity 22980K, committed 23040K, reserved 23936K
Event: 604923.321 GC heap after
Heap after GC invocations=13802 (full 30):
 def new generation   total 43264K, used 861K [0x05000000, 0x07ef0000, 0x0a550000)
  eden space 38464K,   0% used [0x05000000, 0x05000000, 0x07590000)
  from space 4800K,  17% used [0x07590000, 0x076677a0, 0x07a40000)
  to   space 4800K,   0% used [0x07a40000, 0x07a40000, 0x07ef0000)
 tenured generation   total 95564K, used 71201K [0x0a550000, 0x102a3000, 0x15000000)
   the space 95564K,  74% used [0x0a550000, 0x0ead8610, 0x0ead8800, 0x102a3000)
 Metaspace       used 22387K, capacity 22980K, committed 23040K, reserved 23936K
}

